<?xml version="1.0" encoding="UTF-8"?>
<!-- Generated by org.testng.reporters.JUnitReportReporter -->
<testsuite hostname="DESKTOP-82BPJAU" failures="0" tests="2" name="tests.TestsExamples" time="2.542" errors="0" timestamp="2023-06-15T17:20:15 EDT" skipped="0">
  <testcase classname="tests.TestsExamples" name="test_2" time="0.913"/>
  <system-out/>
  <testcase classname="tests.TestsExamples" name="test_1" time="1.629"/>
  <system-out/>
</testsuite> <!-- tests.TestsExamples -->
