<?xml version="1.0" encoding="UTF-8"?>
<!-- Generated by org.testng.reporters.JUnitReportReporter -->
<testsuite hostname="DESKTOP-82BPJAU" failures="0" tests="1" name="tests.TestOnLocalAPI" time="1.299" errors="0" timestamp="2023-06-16T20:30:22 EDT" skipped="0">
  <testcase classname="tests.TestOnLocalAPI" name="delete" time="1.299"/>
  <system-out/>
</testsuite> <!-- tests.TestOnLocalAPI -->
