<?xml version="1.0" encoding="UTF-8"?>
<!-- Generated by org.testng.reporters.JUnitReportReporter -->
<testsuite hostname="DESKTOP-82BPJAU" failures="0" tests="2" name="tests.GetAndPostExamples" time="3.605" errors="0" timestamp="2023-06-16T19:53:23 EDT" skipped="0">
  <testcase classname="tests.GetAndPostExamples" name="testGet" time="2.731"/>
  <system-out/>
  <testcase classname="tests.GetAndPostExamples" name="testPost" time="0.874"/>
  <system-out/>
</testsuite> <!-- tests.GetAndPostExamples -->
