<?xml version="1.0" encoding="UTF-8"?>
<!-- Generated by org.testng.reporters.JUnitReportReporter -->
<testsuite hostname="DESKTOP-82BPJAU" failures="0" tests="1" name="tests.JSONSchemaValidator" time="2.136" errors="0" timestamp="2023-06-16T20:43:48 EDT" skipped="0">
  <testcase classname="tests.JSONSchemaValidator" name="testGet" time="2.136"/>
  <system-out/>
</testsuite> <!-- tests.JSONSchemaValidator -->
