<?xml version="1.0" encoding="UTF-8"?>
<!-- Generated by org.testng.reporters.JUnitReportReporter -->
<testsuite hostname="DESKTOP-82BPJAU" failures="0" tests="2" name="tests.TestExamples" time="3.002" errors="0" timestamp="2023-06-16T19:20:15 EDT" skipped="0">
  <testcase classname="tests.TestExamples" name="test_2" time="0.976"/>
  <system-out/>
  <testcase classname="tests.TestExamples" name="test_1" time="2.026"/>
  <system-out/>
</testsuite> <!-- tests.TestExamples -->
