<?xml version="1.0" encoding="UTF-8"?>
<!-- Generated by org.testng.reporters.JUnitReportReporter -->
<testsuite hostname="DESKTOP-82BPJAU" failures="0" tests="1" name="tests.SoapXMLRequest" time="2.178" errors="0" timestamp="2023-06-16T22:38:54 EDT" skipped="0">
  <testcase classname="tests.SoapXMLRequest" name="validateSoapXML" time="2.178"/>
  <system-out/>
</testsuite> <!-- tests.SoapXMLRequest -->
