<?xml version="1.0" encoding="UTF-8"?>
<!-- Generated by org.testng.reporters.JUnitReportReporter -->
<testsuite hostname="DESKTOP-82BPJAU" failures="0" tests="3" name="tests.PutPatchDeleteExamples" time="2.594" errors="0" timestamp="2023-06-16T20:03:49 EDT" skipped="0">
  <testcase classname="tests.PutPatchDeleteExamples" name="testDelete" time="1.786"/>
  <system-out/>
  <testcase classname="tests.PutPatchDeleteExamples" name="testPatch" time="0.440"/>
  <system-out/>
  <testcase classname="tests.PutPatchDeleteExamples" name="testPut" time="0.368"/>
  <system-out/>
</testsuite> <!-- tests.PutPatchDeleteExamples -->
